<?xml version="1.0" encoding="UTF-8"?>
<!-- Generated by org.testng.reporters.JUnitReportReporter -->
<testsuite skipped="0" hostname="DESKTOP-QUKCJDR" name="demo1" tests="2" failures="0" timestamp="16 Nov 2017 06:40:16 GMT" time="0.014" errors="0">
  <testcase name="Test2" time="0.006" classname="demo1"/>
  <testcase name="Test1" time="0.008" classname="demo1"/>
</testsuite> <!-- demo1 -->
