<?xml version="1.0" encoding="UTF-8"?>
<!-- Generated by org.testng.reporters.JUnitReportReporter -->
<testsuite skipped="0" hostname="DESKTOP-QUKCJDR" name="demo1.draganddrop" tests="1" failures="0" timestamp="16 Dec 2017 17:56:14 GMT" time="19.653" errors="0">
  <testcase name="dad" time="19.653" classname="demo1.draganddrop"/>
</testsuite> <!-- demo1.draganddrop -->
