<?xml version="1.0" encoding="UTF-8"?>
<!-- Generated by org.testng.reporters.JUnitReportReporter -->
<testsuite skipped="0" hostname="DESKTOP-QUKCJDR" name="demo1.dataprovider" tests="3" failures="0" timestamp="28 Nov 2017 12:30:25 GMT" time="0.020" errors="0">
  <testcase name="test2" time="0.003" classname="demo1.dataprovider"/>
  <testcase name="test2" time="0.003" classname="demo1.dataprovider"/>
  <testcase name="test2" time="0.014" classname="demo1.dataprovider"/>
</testsuite> <!-- demo1.dataprovider -->
